<?xml version="1.0" encoding="UTF-8"?>
<testng-results skipped="0" failed="0" total="1" passed="1">
  <reporter-output>
  </reporter-output>
  <suite name="Surefire suite" duration-ms="20" started-at="2021-07-25T15:45:22Z" finished-at="2021-07-25T15:45:22Z">
    <groups>
    </groups>
    <test name="Surefire test" duration-ms="20" started-at="2021-07-25T15:45:22Z" finished-at="2021-07-25T15:45:22Z">
      <class name="jenkinsDemo.AppTest">
        <test-method status="PASS" signature="testApp()[pri:0, instance:testApp(jenkinsDemo.AppTest)]" name="testApp" duration-ms="7" started-at="2021-07-25T15:45:22Z" finished-at="2021-07-25T15:45:22Z">
          <reporter-output>
          </reporter-output>
        </test-method> <!-- testApp -->
      </class> <!-- jenkinsDemo.AppTest -->
    </test> <!-- Surefire test -->
  </suite> <!-- Surefire suite -->
</testng-results>
